{"numTotalTestSuites":2,"numPassedTestSuites":2,"numFailedTestSuites":0,"numPendingTestSuites":0,"numTotalTests":4,"numPassedTests":4,"numFailedTests":0,"numPendingTests":0,"numTodoTests":0,"snapshot":{"added":0,"failure":false,"filesAdded":0,"filesRemoved":0,"filesRemovedList":[],"filesUnmatched":0,"filesUpdated":0,"matched":0,"total":0,"unchecked":0,"uncheckedKeysByFile":[],"unmatched":0,"updated":0,"didUpdate":false},"startTime":1774787934259,"success":true,"testResults":[{"assertionResults":[{"ancestorTitles":["conversation coach original runtime route bridge"],"fullName":"conversation coach original runtime route bridge uses original runtime Picard routing before front-agent generation","status":"passed","title":"uses original runtime Picard routing before front-agent generation","duration":178.255583,"failureMessages":[],"meta":{}},{"ancestorTitles":["conversation coach original runtime route bridge"],"fullName":"conversation coach original runtime route bridge uses original runtime for consult chain after Picard routing","status":"passed","title":"uses original runtime for consult chain after Picard routing","duration":118.55375000000004,"failureMessages":[],"meta":{}},{"ancestorTitles":["conversation coach original runtime route bridge"],"fullName":"conversation coach original runtime route bridge uses original runtime for Jarvis authority handoff","status":"passed","title":"uses original runtime for Jarvis authority handoff","duration":83.20333299999993,"failureMessages":[],"meta":{}},{"ancestorTitles":["conversation coach original runtime route bridge"],"fullName":"conversation coach original runtime route bridge uses original runtime for Data governance handoff","status":"passed","title":"uses original runtime for Data governance handoff","duration":81.77025000000003,"failureMessages":[],"meta":{}}],"startTime":1774787934938,"endTime":1774787935399.7703,"status":"passed","message":"","name":"/Users/claw/mindanchor/apps/api/tests/conversation-coach-original-runtime-route.integration.test.ts"}]}